# JRE version: OpenJDK Runtime Environment Temurin-21.0.5+11 (21.0.5+11) (build 21.0.5+11-LTS)
# Java VM: OpenJDK 64-Bit Server VM Temurin-21.0.5+11 (21.0.5+11-LTS, mixed mode, sharing, tiered, compressed oops, compressed class ptrs, g1 gc, windows-amd64)
GC Precious Log:
 CardTable entry size: 512
 Card Set container configuration: InlinePtr #cards 4 size 8 Array Of Cards #cards 16 size 48 Howl #buckets 8 coarsen threshold 3686 Howl Bitmap #cards 512 size 80 coarsen threshold 460 Card regions per heap region 1 cards per card region 4096
 CPUs: 16 total, 16 available
 Memory: 15713M
 Large Page Support: Disabled
 NUMA Support: Disabled
 Compressed Oops: Enabled (Zero based)
 Heap Region Size: 2M
 Heap Min Capacity: 8M
 Heap Initial Capacity: 246M
 Heap Max Capacity: 3930M
 Pre-touch: Disabled
 Parallel Workers: 13
 Concurrent Workers: 3
 Concurrent Refinement Workers: 13
 Periodic GC: Disabled
Heap:
 garbage-first heap   total 96256K, used 45660K [0x000000070a600000, 0x0000000800000000)
  region size 2048K, 9 young (18432K), 3 survivors (6144K)
 Metaspace       used 76891K, committed 77760K, reserved 1179648K
  class space    used 9387K, committed 9792K, reserved 1048576K
GC Heap History (20 events):
Event: 2863.699 GC heap before
{Heap before GC invocations=40 (full 11):
 garbage-first heap   total 96256K, used 43223K [0x000000070a600000, 0x0000000800000000)
  region size 2048K, 9 young (18432K), 3 survivors (6144K)
 Metaspace       used 75139K, committed 75968K, reserved 1179648K
  class space    used 9303K, committed 9664K, reserved 1048576K
}
Event: 2863.767 GC heap after
{Heap after GC invocations=41 (full 12):
 garbage-first heap   total 96256K, used 26775K [0x000000070a600000, 0x0000000800000000)
  region size 2048K, 0 young (0K), 0 survivors (0K)
 Metaspace       used 75136K, committed 75968K, reserved 1179648K
  class space    used 9303K, committed 9664K, reserved 1048576K
}
Event: 2864.486 GC heap before
{Heap before GC invocations=41 (full 12):
 garbage-first heap   total 96256K, used 80023K [0x000000070a600000, 0x0000000800000000)
  region size 2048K, 26 young (53248K), 0 survivors (0K)
 Metaspace       used 75468K, committed 76352K, reserved 1179648K
  class space    used 9318K, committed 9664K, reserved 1048576K
}
Event: 2864.491 GC heap after
{Heap after GC invocations=42 (full 12):
 garbage-first heap   total 96256K, used 31819K [0x000000070a600000, 0x0000000800000000)
  region size 2048K, 3 young (6144K), 3 survivors (6144K)
 Metaspace       used 75468K, committed 76352K, reserved 1179648K
  class space    used 9318K, committed 9664K, reserved 1048576K
}
Event: 2874.193 GC heap before
{Heap before GC invocations=42 (full 12):
 garbage-first heap   total 96256K, used 35915K [0x000000070a600000, 0x0000000800000000)
  region size 2048K, 6 young (12288K), 3 survivors (6144K)
 Metaspace       used 75553K, committed 76480K, reserved 1179648K
  class space    used 9329K, committed 9728K, reserved 1048576K
}
Event: 2874.253 GC heap after
{Heap after GC invocations=43 (full 13):
 garbage-first heap   total 96256K, used 26941K [0x000000070a600000, 0x0000000800000000)
  region size 2048K, 0 young (0K), 0 survivors (0K)
 Metaspace       used 75551K, committed 76480K, reserved 1179648K
  class space    used 9328K, committed 9728K, reserved 1048576K
}
Event: 2874.894 GC heap before
{Heap before GC invocations=43 (full 13):
 garbage-first heap   total 96256K, used 78141K [0x000000070a600000, 0x0000000800000000)
  region size 2048K, 26 young (53248K), 0 survivors (0K)
 Metaspace       used 75815K, committed 76672K, reserved 1179648K
  class space    used 9342K, committed 9728K, reserved 1048576K
}
Event: 2874.897 GC heap after
{Heap after GC invocations=44 (full 13):
 garbage-first heap   total 96256K, used 31926K [0x000000070a600000, 0x0000000800000000)
  region size 2048K, 3 young (6144K), 3 survivors (6144K)
 Metaspace       used 75815K, committed 76672K, reserved 1179648K
  class space    used 9342K, committed 9728K, reserved 1048576K
}
Event: 2916.435 GC heap before
{Heap before GC invocations=44 (full 13):
 garbage-first heap   total 96256K, used 36022K [0x000000070a600000, 0x0000000800000000)
  region size 2048K, 6 young (12288K), 3 survivors (6144K)
 Metaspace       used 75894K, committed 76800K, reserved 1179648K
  class space    used 9344K, committed 9728K, reserved 1048576K
}
Event: 2916.492 GC heap after
{Heap after GC invocations=45 (full 14):
 garbage-first heap   total 96256K, used 27108K [0x000000070a600000, 0x0000000800000000)
  region size 2048K, 0 young (0K), 0 survivors (0K)
 Metaspace       used 75891K, committed 76800K, reserved 1179648K
  class space    used 9343K, committed 9728K, reserved 1048576K
}
Event: 2917.177 GC heap before
{Heap before GC invocations=45 (full 14):
 garbage-first heap   total 96256K, used 78308K [0x000000070a600000, 0x0000000800000000)
  region size 2048K, 26 young (53248K), 0 survivors (0K)
 Metaspace       used 76154K, committed 76992K, reserved 1179648K
  class space    used 9357K, committed 9728K, reserved 1048576K
}
Event: 2917.181 GC heap after
{Heap after GC invocations=46 (full 14):
 garbage-first heap   total 96256K, used 32181K [0x000000070a600000, 0x0000000800000000)
  region size 2048K, 3 young (6144K), 3 survivors (6144K)
 Metaspace       used 76154K, committed 76992K, reserved 1179648K
  class space    used 9357K, committed 9728K, reserved 1048576K
}
Event: 3310.943 GC heap before
{Heap before GC invocations=46 (full 14):
 garbage-first heap   total 96256K, used 48565K [0x000000070a600000, 0x0000000800000000)
  region size 2048K, 12 young (24576K), 3 survivors (6144K)
 Metaspace       used 76312K, committed 77248K, reserved 1179648K
  class space    used 9358K, committed 9728K, reserved 1048576K
}
Event: 3311.009 GC heap after
{Heap after GC invocations=47 (full 15):
 garbage-first heap   total 96256K, used 29058K [0x000000070a600000, 0x0000000800000000)
  region size 2048K, 0 young (0K), 0 survivors (0K)
 Metaspace       used 76309K, committed 77248K, reserved 1179648K
  class space    used 9358K, committed 9728K, reserved 1048576K
}
Event: 3311.639 GC heap before
{Heap before GC invocations=47 (full 15):
 garbage-first heap   total 96256K, used 80258K [0x000000070a600000, 0x0000000800000000)
  region size 2048K, 25 young (51200K), 0 survivors (0K)
 Metaspace       used 76592K, committed 77504K, reserved 1179648K
  class space    used 9372K, committed 9728K, reserved 1048576K
}
Event: 3311.644 GC heap after
{Heap after GC invocations=48 (full 15):
 garbage-first heap   total 96256K, used 33987K [0x000000070a600000, 0x0000000800000000)
  region size 2048K, 3 young (6144K), 3 survivors (6144K)
 Metaspace       used 76592K, committed 77504K, reserved 1179648K
  class space    used 9372K, committed 9728K, reserved 1048576K
}
Event: 3452.611 GC heap before
{Heap before GC invocations=48 (full 15):
 garbage-first heap   total 96256K, used 42179K [0x000000070a600000, 0x0000000800000000)
  region size 2048K, 8 young (16384K), 3 survivors (6144K)
 Metaspace       used 76651K, committed 77568K, reserved 1179648K
  class space    used 9373K, committed 9792K, reserved 1048576K
}
Event: 3452.679 GC heap after
{Heap after GC invocations=49 (full 16):
 garbage-first heap   total 96256K, used 31030K [0x000000070a600000, 0x0000000800000000)
  region size 2048K, 0 young (0K), 0 survivors (0K)
 Metaspace       used 76651K, committed 77568K, reserved 1179648K
  class space    used 9373K, committed 9792K, reserved 1048576K
}
Event: 3453.272 GC heap before
{Heap before GC invocations=49 (full 16):
 garbage-first heap   total 96256K, used 76086K [0x000000070a600000, 0x0000000800000000)
  region size 2048K, 23 young (47104K), 0 survivors (0K)
 Metaspace       used 76859K, committed 77760K, reserved 1179648K
  class space    used 9386K, committed 9792K, reserved 1048576K
}
Event: 3453.276 GC heap after
{Heap after GC invocations=50 (full 16):
 garbage-first heap   total 96256K, used 35420K [0x000000070a600000, 0x0000000800000000)
  region size 2048K, 3 young (6144K), 3 survivors (6144K)
 Metaspace       used 76859K, committed 77760K, reserved 1179648K
  class space    used 9386K, committed 9792K, reserved 1048576K
}

